<?xml version="1.0" encoding="UTF-8"?>
<testng-results ignored="0" total="1" passed="1" failed="0" skipped="0">
  <reporter-output>
  </reporter-output>
  <suite started-at="2024-02-01T08:54:44 IST" name="Surefire suite" finished-at="2024-02-01T08:54:44 IST" duration-ms="99">
    <groups>
    </groups>
    <test started-at="2024-02-01T08:54:44 IST" name="Surefire test" finished-at="2024-02-01T08:54:44 IST" duration-ms="99">
      <class name="baseUtilFrontend.AppTest">
        <test-method signature="testApp()[pri:0, instance:testApp(baseUtilFrontend.AppTest)]" started-at="2024-02-01T08:54:44 IST" name="testApp" finished-at="2024-02-01T08:54:44 IST" duration-ms="26" status="PASS">
          <reporter-output>
          </reporter-output>
        </test-method> <!-- testApp -->
      </class> <!-- baseUtilFrontend.AppTest -->
    </test> <!-- Surefire test -->
  </suite> <!-- Surefire suite -->
</testng-results>
